000 (176644.000.000) 2022-09-28 14:55:59 Job submitted from host: <131.227.81.72:9618?addrs=131.227.81.72-9618&alias=condor.eps.surrey.ac.uk&noUDP&sock=schedd_13380_2544>
...
040 (176644.000.000) 2022-09-28 14:56:00 Finished transferring input files
...
001 (176644.000.000) 2022-09-28 14:56:01 Job executing on host: <131.227.80.97:9618?addrs=131.227.80.97-9618&alias=cvsspgpu03.eps.surrey.ac.uk&noUDP&sock=startd_37728_d930>
...
006 (176644.000.000) 2022-09-28 14:56:09 Image size of job updated: 4500
	189  -  MemoryUsage of job (MB)
	193692  -  ResidentSetSize of job (KB)
...
006 (176644.000.000) 2022-09-28 14:56:37 Image size of job updated: 4500
	2849  -  MemoryUsage of job (MB)
	2918136  -  ResidentSetSize of job (KB)
...
040 (176644.000.000) 2022-09-28 14:56:37 Started transferring output files
...
040 (176644.000.000) 2022-09-28 14:56:37 Finished transferring output files
...
005 (176644.000.000) 2022-09-28 14:56:38 Job terminated.
	(1) Normal termination (return value 1)
		Usr 0 00:00:33, Sys 0 00:00:33  -  Run Remote Usage
		Usr 0 00:00:00, Sys 0 00:00:00  -  Run Local Usage
		Usr 0 00:00:33, Sys 0 00:00:33  -  Total Remote Usage
		Usr 0 00:00:00, Sys 0 00:00:00  -  Total Local Usage
	5056  -  Run Bytes Sent By Job
	0  -  Run Bytes Received By Job
	5056  -  Total Bytes Sent By Job
	0  -  Total Bytes Received By Job
	Partitionable Resources :    Usage  Request Allocated Assigned
	   Cpus                 :        0        4         4 
	   Disk (KB)            :       83     4500    129572 
	   Gpus (Average)       :                 1         1 "CUDA2"
	   Memory (MB)          :     2849     8000      8064 

	Job terminated of its own accord at 2022-09-28T13:56:37Z.
...
