000 (176631.000.000) 2022-09-28 14:08:13 Job submitted from host: <131.227.81.72:9618?addrs=131.227.81.72-9618&alias=condor.eps.surrey.ac.uk&noUDP&sock=schedd_13380_2544>
...
040 (176631.000.000) 2022-09-28 14:08:15 Finished transferring input files
...
001 (176631.000.000) 2022-09-28 14:08:16 Job executing on host: <131.227.80.29:9618?addrs=131.227.80.29-9618&alias=elenwe.eps.surrey.ac.uk&noUDP&sock=startd_2251_93c6>
...
006 (176631.000.000) 2022-09-28 14:08:25 Image size of job updated: 4500
	10  -  MemoryUsage of job (MB)
	10308  -  ResidentSetSize of job (KB)
...
006 (176631.000.000) 2022-09-28 14:13:26 Image size of job updated: 4500
	2616  -  MemoryUsage of job (MB)
	2679464  -  ResidentSetSize of job (KB)
...
006 (176631.000.000) 2022-09-28 14:18:26 Image size of job updated: 4500
	2961  -  MemoryUsage of job (MB)
	3032204  -  ResidentSetSize of job (KB)
...
006 (176631.000.000) 2022-09-28 14:19:24 Image size of job updated: 4500
	3000  -  MemoryUsage of job (MB)
	3072964  -  ResidentSetSize of job (KB)
...
004 (176631.000.000) 2022-09-28 14:19:27 Job was evicted.
	(0) CPU times
		Usr 0 00:16:02, Sys 0 00:05:20  -  Run Remote Usage
		Usr 0 00:00:00, Sys 0 00:00:00  -  Run Local Usage
	0  -  Run Bytes Sent By Job
	0  -  Run Bytes Received By Job
	Partitionable Resources :    Usage  Request Allocated Assigned
	   Cpus                 :     0.01        4         4 
	   Disk (KB)            :   112        4500    133051 
	   Gpus (Average)       :                 1         1 "CUDA0"
	   GpusMemory (MB)      : 11936                       
	   Memory (MB)          :  3000        8000      8064 
...
009 (176631.000.000) 2022-09-28 14:19:27 Job was aborted.
	via condor_rm (by user ad00878)
...
