000 (176634.012.000) 2022-09-28 14:19:34 Job submitted from host: <131.227.81.72:9618?addrs=131.227.81.72-9618&alias=condor.eps.surrey.ac.uk&noUDP&sock=schedd_13380_2544>
...
040 (176634.012.000) 2022-09-28 14:19:45 Finished transferring input files
...
001 (176634.012.000) 2022-09-28 14:19:46 Job executing on host: <131.227.80.98:9618?addrs=131.227.80.98-9618&alias=creative01.eps.surrey.ac.uk&noUDP&sock=startd_3970_ab13>
...
006 (176634.012.000) 2022-09-28 14:19:54 Image size of job updated: 4500
	208  -  MemoryUsage of job (MB)
	213008  -  ResidentSetSize of job (KB)
...
006 (176634.012.000) 2022-09-28 14:20:23 Image size of job updated: 4500
	2816  -  MemoryUsage of job (MB)
	2884236  -  ResidentSetSize of job (KB)
...
040 (176634.012.000) 2022-09-28 14:20:23 Started transferring output files
...
040 (176634.012.000) 2022-09-28 14:20:23 Finished transferring output files
...
005 (176634.012.000) 2022-09-28 14:20:23 Job terminated.
	(1) Normal termination (return value 1)
		Usr 0 00:00:31, Sys 0 00:00:37  -  Run Remote Usage
		Usr 0 00:00:00, Sys 0 00:00:00  -  Run Local Usage
		Usr 0 00:00:31, Sys 0 00:00:37  -  Total Remote Usage
		Usr 0 00:00:00, Sys 0 00:00:00  -  Total Local Usage
	5401  -  Run Bytes Sent By Job
	0  -  Run Bytes Received By Job
	5401  -  Total Bytes Sent By Job
	0  -  Total Bytes Received By Job
	Partitionable Resources :    Usage  Request Allocated Assigned
	   Cpus                 :        0        4         4 
	   Disk (KB)            :       86     4500    133049 
	   Gpus (Average)       :                 1         1 "CUDA2"
	   Memory (MB)          :     2816     8000      8064 

	Job terminated of its own accord at 2022-09-28T13:20:23Z.
...
