000 (176634.011.000) 2022-09-28 14:19:34 Job submitted from host: <131.227.81.72:9618?addrs=131.227.81.72-9618&alias=condor.eps.surrey.ac.uk&noUDP&sock=schedd_13380_2544>
...
040 (176634.011.000) 2022-09-28 14:19:44 Finished transferring input files
...
001 (176634.011.000) 2022-09-28 14:19:45 Job executing on host: <131.227.80.98:9618?addrs=131.227.80.98-9618&alias=creative01.eps.surrey.ac.uk&noUDP&sock=startd_3970_ab13>
...
006 (176634.011.000) 2022-09-28 14:19:54 Image size of job updated: 4500
	216  -  MemoryUsage of job (MB)
	221736  -  ResidentSetSize of job (KB)
...
006 (176634.011.000) 2022-09-28 14:20:20 Image size of job updated: 4500
	2746  -  MemoryUsage of job (MB)
	2812024  -  ResidentSetSize of job (KB)
...
040 (176634.011.000) 2022-09-28 14:20:21 Started transferring output files
...
040 (176634.011.000) 2022-09-28 14:20:21 Finished transferring output files
...
005 (176634.011.000) 2022-09-28 14:20:21 Job terminated.
	(1) Normal termination (return value 1)
		Usr 0 00:00:00, Sys 0 00:00:00  -  Run Remote Usage
		Usr 0 00:00:00, Sys 0 00:00:00  -  Run Local Usage
		Usr 0 00:00:02, Sys 0 00:00:01  -  Total Remote Usage
		Usr 0 00:00:00, Sys 0 00:00:00  -  Total Local Usage
	4787  -  Run Bytes Sent By Job
	0  -  Run Bytes Received By Job
	4787  -  Total Bytes Sent By Job
	0  -  Total Bytes Received By Job
	Partitionable Resources :    Usage  Request Allocated Assigned
	   Cpus                 :        0        4         4 
	   Disk (KB)            :       82     4500    133049 
	   Gpus (Average)       :                 1         1 "CUDA0"
	   Memory (MB)          :     2746     8000      8064 

	Job terminated of its own accord at 2022-09-28T13:20:20Z.
...
