db conn path = /vol/research/NOBACKUP/CVSSP/scratch_4weeks/ad00878/DBs/mnist588409.db
Table does not exist, building now...
INIT: Using  mnist  data, downloading now...
Images Complete =  5000
# Classes= 10
Class Names= ['0', '1', '2', '3', '4', '5', '6', '7', '8', '9']
Img size= (28, 28, 1)
train imgs= 6000
test imgs= 1000
built model with input shape = (28, 28, 1, 1)
Model: "sequential"
_________________________________________________________________
 Layer (type)                Output Shape              Param #   
=================================================================
 conv2d (Conv2D)             (None, 26, 26, 32)        320       
                                                                 
 max_pooling2d (MaxPooling2D  (None, 13, 13, 32)       0         
 )                                                               
                                                                 
 flatten (Flatten)           (None, 5408)              0         
                                                                 
 dense (Dense)               (None, 100)               540900    
                                                                 
 dense_1 (Dense)             (None, 10)                1010      
                                                                 
 softmax (Softmax)           (None, 10)                0         
                                                                 
=================================================================
Total params: 542,230
Trainable params: 542,230
Non-trainable params: 0
_________________________________________________________________
There are  188  batches in the warm start
Started Training
Itt 0
Itt 188
