000 (176634.005.000) 2022-09-28 14:19:34 Job submitted from host: <131.227.81.72:9618?addrs=131.227.81.72-9618&alias=condor.eps.surrey.ac.uk&noUDP&sock=schedd_13380_2544>
...
040 (176634.005.000) 2022-09-28 14:19:44 Finished transferring input files
...
001 (176634.005.000) 2022-09-28 14:19:45 Job executing on host: <131.227.80.60:9618?addrs=131.227.80.60-9618&alias=oin.eps.surrey.ac.uk&noUDP&sock=startd_30625_c7fc>
...
006 (176634.005.000) 2022-09-28 14:19:54 Image size of job updated: 4500
	253  -  MemoryUsage of job (MB)
	259504  -  ResidentSetSize of job (KB)
...
006 (176634.005.000) 2022-09-28 14:20:34 Image size of job updated: 4500
	2398  -  MemoryUsage of job (MB)
	2456516  -  ResidentSetSize of job (KB)
...
040 (176634.005.000) 2022-09-28 14:20:34 Started transferring output files
...
040 (176634.005.000) 2022-09-28 14:20:34 Finished transferring output files
...
005 (176634.005.000) 2022-09-28 14:20:34 Job terminated.
	(1) Normal termination (return value 1)
		Usr 0 00:01:06, Sys 0 00:00:43  -  Run Remote Usage
		Usr 0 00:00:00, Sys 0 00:00:00  -  Run Local Usage
		Usr 0 00:01:06, Sys 0 00:00:43  -  Total Remote Usage
		Usr 0 00:00:00, Sys 0 00:00:00  -  Total Local Usage
	5635  -  Run Bytes Sent By Job
	0  -  Run Bytes Received By Job
	5635  -  Total Bytes Sent By Job
	0  -  Total Bytes Received By Job
	Partitionable Resources :    Usage  Request Allocated Assigned
	   Cpus                 :        0        4         4 
	   Disk (KB)            :       94     4500    104774 
	   Gpus (Average)       :                 1         1 "CUDA3"
	   Memory (MB)          :     2398     8000      8064 

	Job terminated of its own accord at 2022-09-28T13:20:34Z.
...
