000 (176634.000.000) 2022-09-28 14:19:34 Job submitted from host: <131.227.81.72:9618?addrs=131.227.81.72-9618&alias=condor.eps.surrey.ac.uk&noUDP&sock=schedd_13380_2544>
...
040 (176634.000.000) 2022-09-28 14:19:45 Finished transferring input files
...
001 (176634.000.000) 2022-09-28 14:19:46 Job executing on host: <131.227.80.29:9618?addrs=131.227.80.29-9618&alias=elenwe.eps.surrey.ac.uk&noUDP&sock=startd_2251_93c6>
...
006 (176634.000.000) 2022-09-28 14:19:55 Image size of job updated: 4500
	10  -  MemoryUsage of job (MB)
	10652  -  ResidentSetSize of job (KB)
...
006 (176634.000.000) 2022-09-28 14:24:56 Image size of job updated: 4500
	2472  -  MemoryUsage of job (MB)
	2532300  -  ResidentSetSize of job (KB)
...
004 (176634.000.000) 2022-09-28 14:26:35 Job was evicted.
	(0) CPU times
		Usr 0 00:14:16, Sys 0 00:05:23  -  Run Remote Usage
		Usr 0 00:00:00, Sys 0 00:00:00  -  Run Local Usage
	0  -  Run Bytes Sent By Job
	0  -  Run Bytes Received By Job
	Partitionable Resources :    Usage  Request Allocated Assigned
	   Cpus                 :        0        4         4 
	   Disk (KB)            :      106     4500    133051 
	   Gpus (Average)       :                 1         1 "CUDA0"
	   GpusMemory (MB)      :    11894                    
	   Memory (MB)          :     2472     8000      8064 
...
009 (176634.000.000) 2022-09-28 14:26:35 Job was aborted.
	via condor_rm (by user ad00878)
...
