000 (176634.022.000) 2022-09-28 14:19:34 Job submitted from host: <131.227.81.72:9618?addrs=131.227.81.72-9618&alias=condor.eps.surrey.ac.uk&noUDP&sock=schedd_13380_2544>
...
040 (176634.022.000) 2022-09-28 14:19:45 Finished transferring input files
...
001 (176634.022.000) 2022-09-28 14:19:46 Job executing on host: <131.227.80.79:9618?addrs=131.227.80.79-9618&alias=cogvis2.eps.surrey.ac.uk&noUDP&sock=startd_4122_ed78>
...
006 (176634.022.000) 2022-09-28 14:19:54 Image size of job updated: 4500
	184  -  MemoryUsage of job (MB)
	188696  -  ResidentSetSize of job (KB)
...
006 (176634.022.000) 2022-09-28 14:20:18 Image size of job updated: 4500
	1951  -  MemoryUsage of job (MB)
	1998832  -  ResidentSetSize of job (KB)
...
040 (176634.022.000) 2022-09-28 14:20:18 Started transferring output files
...
040 (176634.022.000) 2022-09-28 14:20:18 Finished transferring output files
...
005 (176634.022.000) 2022-09-28 14:20:19 Job terminated.
	(1) Normal termination (return value 1)
		Usr 0 00:00:15, Sys 0 00:00:12  -  Run Remote Usage
		Usr 0 00:00:00, Sys 0 00:00:00  -  Run Local Usage
		Usr 0 00:00:15, Sys 0 00:00:12  -  Total Remote Usage
		Usr 0 00:00:00, Sys 0 00:00:00  -  Total Local Usage
	9163  -  Run Bytes Sent By Job
	0  -  Run Bytes Received By Job
	9163  -  Total Bytes Sent By Job
	0  -  Total Bytes Received By Job
	Partitionable Resources :    Usage  Request Allocated Assigned
	   Cpus                 :        0        4         4 
	   Disk (KB)            :      144     4500    426521 
	   Gpus (Average)       :                 1         1 "CUDA3"
	   Memory (MB)          :     1951     8000      8064 

	Job terminated of its own accord at 2022-09-28T13:20:18Z.
...
