000 (176634.014.000) 2022-09-28 14:19:34 Job submitted from host: <131.227.81.72:9618?addrs=131.227.81.72-9618&alias=condor.eps.surrey.ac.uk&noUDP&sock=schedd_13380_2544>
...
040 (176634.014.000) 2022-09-28 14:19:45 Finished transferring input files
...
001 (176634.014.000) 2022-09-28 14:19:46 Job executing on host: <131.227.80.32:9618?addrs=131.227.80.32-9618&alias=cogvis3.eps.surrey.ac.uk&noUDP&sock=startd_4750_aef2>
...
006 (176634.014.000) 2022-09-28 14:19:54 Image size of job updated: 4500
	215  -  MemoryUsage of job (MB)
	221028  -  ResidentSetSize of job (KB)
...
006 (176634.014.000) 2022-09-28 14:20:43 Image size of job updated: 4500
	4160  -  MemoryUsage of job (MB)
	4260320  -  ResidentSetSize of job (KB)
...
040 (176634.014.000) 2022-09-28 14:20:43 Started transferring output files
...
040 (176634.014.000) 2022-09-28 14:20:43 Finished transferring output files
...
005 (176634.014.000) 2022-09-28 14:20:43 Job terminated.
	(1) Normal termination (return value 1)
		Usr 0 00:00:00, Sys 0 00:00:00  -  Run Remote Usage
		Usr 0 00:00:00, Sys 0 00:00:00  -  Run Local Usage
		Usr 0 00:00:02, Sys 0 00:00:01  -  Total Remote Usage
		Usr 0 00:00:00, Sys 0 00:00:00  -  Total Local Usage
	6105  -  Run Bytes Sent By Job
	0  -  Run Bytes Received By Job
	6105  -  Total Bytes Sent By Job
	0  -  Total Bytes Received By Job
	Partitionable Resources :    Usage  Request Allocated Assigned
	   Cpus                 :     0.00        4         4 
	   Disk (KB)            :    95        4500    653289 
	   Gpus (Average)       :     0.00        1         1 "CUDA7"
	   GpusMemory (MB)      : 23647                       
	   Memory (MB)          :  4160        8000      8064 

	Job terminated of its own accord at 2022-09-28T13:20:43Z.
...
