000 (176630.026.000) 2022-09-28 14:01:18 Job submitted from host: <131.227.81.72:9618?addrs=131.227.81.72-9618&alias=condor.eps.surrey.ac.uk&noUDP&sock=schedd_13380_2544>
...
040 (176630.026.000) 2022-09-28 14:01:20 Finished transferring input files
...
001 (176630.026.000) 2022-09-28 14:01:21 Job executing on host: <131.227.80.62:9618?addrs=131.227.80.62-9618&alias=dori.eps.surrey.ac.uk&noUDP&sock=startd_3266_c867>
...
006 (176630.026.000) 2022-09-28 14:01:29 Image size of job updated: 4500
	221  -  MemoryUsage of job (MB)
	226400  -  ResidentSetSize of job (KB)
...
006 (176630.026.000) 2022-09-28 14:01:59 Image size of job updated: 4500
	1916  -  MemoryUsage of job (MB)
	1962504  -  ResidentSetSize of job (KB)
...
040 (176630.026.000) 2022-09-28 14:01:59 Started transferring output files
...
040 (176630.026.000) 2022-09-28 14:01:59 Finished transferring output files
...
005 (176630.026.000) 2022-09-28 14:01:59 Job terminated.
	(1) Normal termination (return value 1)
		Usr 0 00:00:00, Sys 0 00:00:00  -  Run Remote Usage
		Usr 0 00:00:00, Sys 0 00:00:00  -  Run Local Usage
		Usr 0 00:00:02, Sys 0 00:00:00  -  Total Remote Usage
		Usr 0 00:00:00, Sys 0 00:00:00  -  Total Local Usage
	4413  -  Run Bytes Sent By Job
	0  -  Run Bytes Received By Job
	4413  -  Total Bytes Sent By Job
	0  -  Total Bytes Received By Job
	Partitionable Resources :    Usage  Request Allocated Assigned
	   Cpus                 :        0        4         4 
	   Disk (KB)            :       80     4500    133051 
	   Gpus (Average)       :                 1         1 "CUDA2"
	   Memory (MB)          :     1916     8000      8064 

	Job terminated of its own accord at 2022-09-28T13:01:59Z.
...
