000 (176634.025.000) 2022-09-28 14:19:34 Job submitted from host: <131.227.81.72:9618?addrs=131.227.81.72-9618&alias=condor.eps.surrey.ac.uk&noUDP&sock=schedd_13380_2544>
...
040 (176634.025.000) 2022-09-28 14:19:44 Finished transferring input files
...
001 (176634.025.000) 2022-09-28 14:19:45 Job executing on host: <131.227.80.65:9618?addrs=131.227.80.65-9618&alias=ori.eps.surrey.ac.uk&noUDP&sock=startd_16804_b98b>
...
006 (176634.025.000) 2022-09-28 14:19:54 Image size of job updated: 4500
	256  -  MemoryUsage of job (MB)
	262868  -  ResidentSetSize of job (KB)
...
006 (176634.025.000) 2022-09-28 14:20:46 Image size of job updated: 4500
	2753  -  MemoryUsage of job (MB)
	2819900  -  ResidentSetSize of job (KB)
...
040 (176634.025.000) 2022-09-28 14:20:46 Started transferring output files
...
040 (176634.025.000) 2022-09-28 14:20:46 Finished transferring output files
...
005 (176634.025.000) 2022-09-28 14:20:46 Job terminated.
	(1) Normal termination (return value 1)
		Usr 0 00:00:00, Sys 0 00:00:00  -  Run Remote Usage
		Usr 0 00:00:00, Sys 0 00:00:00  -  Run Local Usage
		Usr 0 00:00:02, Sys 0 00:00:01  -  Total Remote Usage
		Usr 0 00:00:00, Sys 0 00:00:00  -  Total Local Usage
	5627  -  Run Bytes Sent By Job
	0  -  Run Bytes Received By Job
	5627  -  Total Bytes Sent By Job
	0  -  Total Bytes Received By Job
	Partitionable Resources :    Usage  Request Allocated Assigned
	   Cpus                 :        0        4         4 
	   Disk (KB)            :       93     4500    425985 
	   Gpus (Average)       :                 1         1 "CUDA3"
	   Memory (MB)          :     2753     8000      8064 

	Job terminated of its own accord at 2022-09-28T13:20:46Z.
...
