000 (176630.013.000) 2022-09-28 14:01:18 Job submitted from host: <131.227.81.72:9618?addrs=131.227.81.72-9618&alias=condor.eps.surrey.ac.uk&noUDP&sock=schedd_13380_2544>
...
040 (176630.013.000) 2022-09-28 14:01:19 Finished transferring input files
...
001 (176630.013.000) 2022-09-28 14:01:20 Job executing on host: <131.227.80.98:9618?addrs=131.227.80.98-9618&alias=creative01.eps.surrey.ac.uk&noUDP&sock=startd_3970_ab13>
...
006 (176630.013.000) 2022-09-28 14:01:29 Image size of job updated: 4500
	188  -  MemoryUsage of job (MB)
	193520  -  ResidentSetSize of job (KB)
...
006 (176630.013.000) 2022-09-28 14:02:06 Image size of job updated: 4500
	2704  -  MemoryUsage of job (MB)
	2769508  -  ResidentSetSize of job (KB)
...
040 (176630.013.000) 2022-09-28 14:02:06 Started transferring output files
...
040 (176630.013.000) 2022-09-28 14:02:06 Finished transferring output files
...
005 (176630.013.000) 2022-09-28 14:02:06 Job terminated.
	(1) Normal termination (return value 1)
		Usr 0 00:00:32, Sys 0 00:00:23  -  Run Remote Usage
		Usr 0 00:00:00, Sys 0 00:00:00  -  Run Local Usage
		Usr 0 00:00:32, Sys 0 00:00:23  -  Total Remote Usage
		Usr 0 00:00:00, Sys 0 00:00:00  -  Total Local Usage
	4490  -  Run Bytes Sent By Job
	0  -  Run Bytes Received By Job
	4490  -  Total Bytes Sent By Job
	0  -  Total Bytes Received By Job
	Partitionable Resources :    Usage  Request Allocated Assigned
	   Cpus                 :        0        4         4 
	   Disk (KB)            :       81     4500    133049 
	   Gpus (Average)       :                 1         1 "CUDA0"
	   Memory (MB)          :     2704     8000      8064 

	Job terminated of its own accord at 2022-09-28T13:02:06Z.
...
