000 (176634.009.000) 2022-09-28 14:19:34 Job submitted from host: <131.227.81.72:9618?addrs=131.227.81.72-9618&alias=condor.eps.surrey.ac.uk&noUDP&sock=schedd_13380_2544>
...
040 (176634.009.000) 2022-09-28 14:19:44 Finished transferring input files
...
001 (176634.009.000) 2022-09-28 14:19:45 Job executing on host: <131.227.80.27:9618?addrs=131.227.80.27-9618&alias=nimrodel.eps.surrey.ac.uk&noUDP&sock=startd_2333_d28a>
...
006 (176634.009.000) 2022-09-28 14:19:54 Image size of job updated: 4500
	195  -  MemoryUsage of job (MB)
	200684  -  ResidentSetSize of job (KB)
...
006 (176634.009.000) 2022-09-28 14:20:25 Image size of job updated: 4500
	2400  -  MemoryUsage of job (MB)
	2457680  -  ResidentSetSize of job (KB)
...
040 (176634.009.000) 2022-09-28 14:20:25 Started transferring output files
...
040 (176634.009.000) 2022-09-28 14:20:25 Finished transferring output files
...
005 (176634.009.000) 2022-09-28 14:20:25 Job terminated.
	(1) Normal termination (return value 1)
		Usr 0 00:00:00, Sys 0 00:00:00  -  Run Remote Usage
		Usr 0 00:00:00, Sys 0 00:00:00  -  Run Local Usage
		Usr 0 00:00:02, Sys 0 00:00:00  -  Total Remote Usage
		Usr 0 00:00:00, Sys 0 00:00:00  -  Total Local Usage
	5561  -  Run Bytes Sent By Job
	0  -  Run Bytes Received By Job
	5561  -  Total Bytes Sent By Job
	0  -  Total Bytes Received By Job
	Partitionable Resources :    Usage  Request Allocated Assigned
	   Cpus                 :        0        4         4 
	   Disk (KB)            :       88     4500    133051 
	   Gpus (Average)       :                 1         1 "CUDA0"
	   Memory (MB)          :     2400     8000      8064 

	Job terminated of its own accord at 2022-09-28T13:20:25Z.
...
