000 (176634.026.000) 2022-09-28 14:19:34 Job submitted from host: <131.227.81.72:9618?addrs=131.227.81.72-9618&alias=condor.eps.surrey.ac.uk&noUDP&sock=schedd_13380_2544>
...
040 (176634.026.000) 2022-09-28 14:19:44 Finished transferring input files
...
001 (176634.026.000) 2022-09-28 14:19:45 Job executing on host: <131.227.80.62:9618?addrs=131.227.80.62-9618&alias=dori.eps.surrey.ac.uk&noUDP&sock=startd_3266_c867>
...
006 (176634.026.000) 2022-09-28 14:19:54 Image size of job updated: 4500
	181  -  MemoryUsage of job (MB)
	185356  -  ResidentSetSize of job (KB)
...
006 (176634.026.000) 2022-09-28 14:20:34 Image size of job updated: 4500
	2566  -  MemoryUsage of job (MB)
	2628220  -  ResidentSetSize of job (KB)
...
040 (176634.026.000) 2022-09-28 14:20:34 Started transferring output files
...
040 (176634.026.000) 2022-09-28 14:20:34 Finished transferring output files
...
005 (176634.026.000) 2022-09-28 14:20:34 Job terminated.
	(1) Normal termination (return value 1)
		Usr 0 00:00:43, Sys 0 00:00:25  -  Run Remote Usage
		Usr 0 00:00:00, Sys 0 00:00:00  -  Run Local Usage
		Usr 0 00:00:43, Sys 0 00:00:25  -  Total Remote Usage
		Usr 0 00:00:00, Sys 0 00:00:00  -  Total Local Usage
	5695  -  Run Bytes Sent By Job
	0  -  Run Bytes Received By Job
	5695  -  Total Bytes Sent By Job
	0  -  Total Bytes Received By Job
	Partitionable Resources :    Usage  Request Allocated Assigned
	   Cpus                 :     0.07        4         4 
	   Disk (KB)            :    92        4500    133051 
	   Gpus (Average)       :     0           1         1 "CUDA0"
	   GpusMemory (MB)      :     5                       
	   Memory (MB)          :  2566        8000      8064 

	Job terminated of its own accord at 2022-09-28T13:20:34Z.
...
