000 (176634.015.000) 2022-09-28 14:19:34 Job submitted from host: <131.227.81.72:9618?addrs=131.227.81.72-9618&alias=condor.eps.surrey.ac.uk&noUDP&sock=schedd_13380_2544>
...
040 (176634.015.000) 2022-09-28 14:19:44 Finished transferring input files
...
001 (176634.015.000) 2022-09-28 14:19:45 Job executing on host: <131.227.80.79:9618?addrs=131.227.80.79-9618&alias=cogvis2.eps.surrey.ac.uk&noUDP&sock=startd_4122_ed78>
...
006 (176634.015.000) 2022-09-28 14:19:54 Image size of job updated: 4500
	169  -  MemoryUsage of job (MB)
	173800  -  ResidentSetSize of job (KB)
...
006 (176634.015.000) 2022-09-28 14:20:35 Image size of job updated: 4500
	3833  -  MemoryUsage of job (MB)
	3925176  -  ResidentSetSize of job (KB)
...
040 (176634.015.000) 2022-09-28 14:20:35 Started transferring output files
...
040 (176634.015.000) 2022-09-28 14:20:35 Finished transferring output files
...
005 (176634.015.000) 2022-09-28 14:20:35 Job terminated.
	(1) Normal termination (return value 1)
		Usr 0 00:00:42, Sys 0 00:00:33  -  Run Remote Usage
		Usr 0 00:00:00, Sys 0 00:00:00  -  Run Local Usage
		Usr 0 00:00:42, Sys 0 00:00:33  -  Total Remote Usage
		Usr 0 00:00:00, Sys 0 00:00:00  -  Total Local Usage
	5438  -  Run Bytes Sent By Job
	0  -  Run Bytes Received By Job
	5438  -  Total Bytes Sent By Job
	0  -  Total Bytes Received By Job
	Partitionable Resources :    Usage  Request Allocated Assigned
	   Cpus                 :        0        4         4 
	   Disk (KB)            :       90     4500    426521 
	   Gpus (Average)       :                 1         1 "CUDA0"
	   Memory (MB)          :     3833     8000      8064 

	Job terminated of its own accord at 2022-09-28T13:20:35Z.
...
