000 (176642.000.000) 2022-09-28 14:47:10 Job submitted from host: <131.227.81.72:9618?addrs=131.227.81.72-9618&alias=condor.eps.surrey.ac.uk&noUDP&sock=schedd_13380_2544>
...
040 (176642.000.000) 2022-09-28 14:47:31 Finished transferring input files
...
001 (176642.000.000) 2022-09-28 14:47:32 Job executing on host: <131.227.80.67:9618?addrs=131.227.80.67-9618&alias=bifur.eps.surrey.ac.uk&noUDP&sock=startd_3492_ccce>
...
040 (176642.000.000) 2022-09-28 14:47:33 Started transferring output files
...
040 (176642.000.000) 2022-09-28 14:47:33 Finished transferring output files
...
005 (176642.000.000) 2022-09-28 14:47:34 Job terminated.
	(1) Normal termination (return value 1)
		Usr 0 00:00:00, Sys 0 00:00:00  -  Run Remote Usage
		Usr 0 00:00:00, Sys 0 00:00:00  -  Run Local Usage
		Usr 0 00:00:00, Sys 0 00:00:00  -  Total Remote Usage
		Usr 0 00:00:00, Sys 0 00:00:00  -  Total Local Usage
	142  -  Run Bytes Sent By Job
	0  -  Run Bytes Received By Job
	142  -  Total Bytes Sent By Job
	0  -  Total Bytes Received By Job
	Partitionable Resources :    Usage  Request Allocated Assigned
	   Cpus                 :        0        4         4 
	   Disk (KB)            :       21     4500    133051 
	   Gpus (Average)       :                 1         1 "CUDA0"
	   Memory (MB)          :              8000      8064 

	Job terminated of its own accord at 2022-09-28T13:47:33Z.
...
