000 (176630.020.000) 2022-09-28 14:01:18 Job submitted from host: <131.227.81.72:9618?addrs=131.227.81.72-9618&alias=condor.eps.surrey.ac.uk&noUDP&sock=schedd_13380_2544>
...
040 (176630.020.000) 2022-09-28 14:01:19 Finished transferring input files
...
001 (176630.020.000) 2022-09-28 14:01:20 Job executing on host: <131.227.80.79:9618?addrs=131.227.80.79-9618&alias=cogvis2.eps.surrey.ac.uk&noUDP&sock=startd_4122_ed78>
...
006 (176630.020.000) 2022-09-28 14:01:29 Image size of job updated: 4500
	148  -  MemoryUsage of job (MB)
	151776  -  ResidentSetSize of job (KB)
...
006 (176630.020.000) 2022-09-28 14:02:07 Image size of job updated: 4500
	3260  -  MemoryUsage of job (MB)
	3338560  -  ResidentSetSize of job (KB)
...
040 (176630.020.000) 2022-09-28 14:02:07 Started transferring output files
...
040 (176630.020.000) 2022-09-28 14:02:07 Finished transferring output files
...
005 (176630.020.000) 2022-09-28 14:02:08 Job terminated.
	(1) Normal termination (return value 1)
		Usr 0 00:00:32, Sys 0 00:00:20  -  Run Remote Usage
		Usr 0 00:00:00, Sys 0 00:00:00  -  Run Local Usage
		Usr 0 00:00:32, Sys 0 00:00:20  -  Total Remote Usage
		Usr 0 00:00:00, Sys 0 00:00:00  -  Total Local Usage
	4827  -  Run Bytes Sent By Job
	0  -  Run Bytes Received By Job
	4827  -  Total Bytes Sent By Job
	0  -  Total Bytes Received By Job
	Partitionable Resources :    Usage  Request Allocated Assigned
	   Cpus                 :        0        4         4 
	   Disk (KB)            :       83     4500    426521 
	   Gpus (Average)       :                 1         1 "CUDA0"
	   Memory (MB)          :     3260     8000      8064 

	Job terminated of its own accord at 2022-09-28T13:02:07Z.
...
