000 (176643.000.000) 2022-09-28 14:54:23 Job submitted from host: <131.227.81.72:9618?addrs=131.227.81.72-9618&alias=condor.eps.surrey.ac.uk&noUDP&sock=schedd_13380_2544>
...
040 (176643.000.000) 2022-09-28 14:54:23 Finished transferring input files
...
001 (176643.000.000) 2022-09-28 14:54:24 Job executing on host: <131.227.80.97:9618?addrs=131.227.80.97-9618&alias=cvsspgpu03.eps.surrey.ac.uk&noUDP&sock=startd_37728_d930>
...
040 (176643.000.000) 2022-09-28 14:54:26 Started transferring output files
...
040 (176643.000.000) 2022-09-28 14:54:26 Finished transferring output files
...
005 (176643.000.000) 2022-09-28 14:54:27 Job terminated.
	(1) Normal termination (return value 1)
		Usr 0 00:00:00, Sys 0 00:00:00  -  Run Remote Usage
		Usr 0 00:00:00, Sys 0 00:00:00  -  Run Local Usage
		Usr 0 00:00:00, Sys 0 00:00:00  -  Total Remote Usage
		Usr 0 00:00:00, Sys 0 00:00:00  -  Total Local Usage
	142  -  Run Bytes Sent By Job
	0  -  Run Bytes Received By Job
	142  -  Total Bytes Sent By Job
	0  -  Total Bytes Received By Job
	Partitionable Resources :    Usage  Request Allocated Assigned
	   Cpus                 :     0.10        4         4 
	   Disk (KB)            :    21        4500    129572 
	   Gpus (Average)       :                 1         1 "CUDA2"
	   Memory (MB)          :              8000      8064 

	Job terminated of its own accord at 2022-09-28T13:54:26Z.
...
